<?xml version="1.0" encoding="UTF-8"?>
<testsuite xmlns:xsi="http://www.w3.org/2001/XMLSchema-instance" xsi:noNamespaceSchemaLocation="https://maven.apache.org/surefire/maven-surefire-plugin/xsd/surefire-test-report-3.0.xsd" version="3.0" name="TestSuite" time="104.067" tests="2" errors="0" skipped="0" failures="0">
  <properties>
    <property name="sun.desktop" value="windows"/>
    <property name="awt.toolkit" value="sun.awt.windows.WToolkit"/>
    <property name="file.encoding.pkg" value="sun.io"/>
    <property name="java.specification.version" value="1.8"/>
    <property name="webdriver.chrome.driver" value="C:\Users\krishna\Desktop\redbusE2E\resources\chromedriver_win32\chromedriver.exe"/>
    <property name="sun.cpu.isalist" value="pentium_pro+mmx pentium_pro pentium+mmx pentium i486 i386 i86"/>
    <property name="sun.jnu.encoding" value="Cp1252"/>
    <property name="java.class.path" value="C:\Users\krishna\Desktop\redbusE2E\target\test-classes;C:\Users\krishna\Desktop\redbusE2E\target\classes;C:\Users\krishna\.m2\repository\junit\junit\3.8.1\junit-3.8.1.jar;C:\Users\krishna\.m2\repository\org\seleniumhq\selenium\selenium-java\3.141.59\selenium-java-3.141.59.jar;C:\Users\krishna\.m2\repository\org\seleniumhq\selenium\selenium-api\3.141.59\selenium-api-3.141.59.jar;C:\Users\krishna\.m2\repository\org\seleniumhq\selenium\selenium-chrome-driver\3.141.59\selenium-chrome-driver-3.141.59.jar;C:\Users\krishna\.m2\repository\org\seleniumhq\selenium\selenium-edge-driver\3.141.59\selenium-edge-driver-3.141.59.jar;C:\Users\krishna\.m2\repository\org\seleniumhq\selenium\selenium-firefox-driver\3.141.59\selenium-firefox-driver-3.141.59.jar;C:\Users\krishna\.m2\repository\org\seleniumhq\selenium\selenium-ie-driver\3.141.59\selenium-ie-driver-3.141.59.jar;C:\Users\krishna\.m2\repository\org\seleniumhq\selenium\selenium-opera-driver\3.141.59\selenium-opera-driver-3.141.59.jar;C:\Users\krishna\.m2\repository\org\seleniumhq\selenium\selenium-remote-driver\3.141.59\selenium-remote-driver-3.141.59.jar;C:\Users\krishna\.m2\repository\org\seleniumhq\selenium\selenium-safari-driver\3.141.59\selenium-safari-driver-3.141.59.jar;C:\Users\krishna\.m2\repository\org\seleniumhq\selenium\selenium-support\3.141.59\selenium-support-3.141.59.jar;C:\Users\krishna\.m2\repository\net\bytebuddy\byte-buddy\1.8.15\byte-buddy-1.8.15.jar;C:\Users\krishna\.m2\repository\org\apache\commons\commons-exec\1.3\commons-exec-1.3.jar;C:\Users\krishna\.m2\repository\com\google\guava\guava\25.0-jre\guava-25.0-jre.jar;C:\Users\krishna\.m2\repository\com\google\code\findbugs\jsr305\1.3.9\jsr305-1.3.9.jar;C:\Users\krishna\.m2\repository\org\checkerframework\checker-compat-qual\2.0.0\checker-compat-qual-2.0.0.jar;C:\Users\krishna\.m2\repository\com\google\errorprone\error_prone_annotations\2.1.3\error_prone_annotations-2.1.3.jar;C:\Users\krishna\.m2\repository\com\google\j2objc\j2objc-annotations\1.1\j2objc-annotations-1.1.jar;C:\Users\krishna\.m2\repository\org\codehaus\mojo\animal-sniffer-annotations\1.14\animal-sniffer-annotations-1.14.jar;C:\Users\krishna\.m2\repository\com\squareup\okhttp3\okhttp\3.11.0\okhttp-3.11.0.jar;C:\Users\krishna\.m2\repository\com\squareup\okio\okio\1.14.0\okio-1.14.0.jar;C:\Users\krishna\.m2\repository\org\testng\testng\7.3.0\testng-7.3.0.jar;C:\Users\krishna\.m2\repository\com\beust\jcommander\1.78\jcommander-1.78.jar;C:\Users\krishna\.m2\repository\org\apache\ant\ant\1.10.3\ant-1.10.3.jar;C:\Users\krishna\.m2\repository\org\apache\ant\ant-launcher\1.10.3\ant-launcher-1.10.3.jar;C:\Users\krishna\.m2\repository\com\google\inject\guice\4.2.2\guice-4.2.2-no_aop.jar;C:\Users\krishna\.m2\repository\javax\inject\javax.inject\1\javax.inject-1.jar;C:\Users\krishna\.m2\repository\aopalliance\aopalliance\1.0\aopalliance-1.0.jar;C:\Users\krishna\.m2\repository\org\yaml\snakeyaml\1.21\snakeyaml-1.21.jar;C:\Users\krishna\.m2\repository\com\aventstack\extentreports\5.0.5\extentreports-5.0.5.jar;C:\Users\krishna\.m2\repository\io\reactivex\rxjava3\rxjava\3.0.4\rxjava-3.0.4.jar;C:\Users\krishna\.m2\repository\org\reactivestreams\reactive-streams\1.0.3\reactive-streams-1.0.3.jar;C:\Users\krishna\.m2\repository\org\freemarker\freemarker\2.3.30\freemarker-2.3.30.jar;C:\Users\krishna\.m2\repository\org\projectlombok\lombok\1.18.12\lombok-1.18.12.jar;C:\Users\krishna\.m2\repository\com\google\code\gson\gson\2.8.6\gson-2.8.6.jar;C:\Users\krishna\.m2\repository\commons-io\commons-io\2.6\commons-io-2.6.jar;C:\Users\krishna\.m2\repository\org\apache\poi\poi-ooxml\4.1.2\poi-ooxml-4.1.2.jar;C:\Users\krishna\.m2\repository\org\apache\poi\poi-ooxml-schemas\4.1.2\poi-ooxml-schemas-4.1.2.jar;C:\Users\krishna\.m2\repository\org\apache\xmlbeans\xmlbeans\3.1.0\xmlbeans-3.1.0.jar;C:\Users\krishna\.m2\repository\org\apache\commons\commons-compress\1.19\commons-compress-1.19.jar;C:\Users\krishna\.m2\repository\com\github\virtuald\curvesapi\1.06\curvesapi-1.06.jar;C:\Users\krishna\.m2\repository\org\apache\poi\poi\4.1.2\poi-4.1.2.jar;C:\Users\krishna\.m2\repository\commons-codec\commons-codec\1.13\commons-codec-1.13.jar;C:\Users\krishna\.m2\repository\org\apache\commons\commons-collections4\4.4\commons-collections4-4.4.jar;C:\Users\krishna\.m2\repository\org\apache\commons\commons-math3\3.6.1\commons-math3-3.6.1.jar;C:\Users\krishna\.m2\repository\com\zaxxer\SparseBitSet\1.2\SparseBitSet-1.2.jar;C:\Users\krishna\.m2\repository\org\apache\logging\log4j\log4j-api\2.14.0\log4j-api-2.14.0.jar;C:\Users\krishna\.m2\repository\org\apache\logging\log4j\log4j-core\2.14.0\log4j-core-2.14.0.jar;"/>
    <property name="java.vm.vendor" value="Oracle Corporation"/>
    <property name="sun.arch.data.model" value="32"/>
    <property name="user.variant" value=""/>
    <property name="java.vendor.url" value="http://java.oracle.com/"/>
    <property name="user.timezone" value="America/Los_Angeles"/>
    <property name="java.vm.specification.version" value="1.8"/>
    <property name="os.name" value="Windows 10"/>
    <property name="user.country" value="US"/>
    <property name="sun.java.launcher" value="SUN_STANDARD"/>
    <property name="sun.boot.library.path" value="C:\Program Files\Java\jdk1.8.0_271\jre\bin"/>
    <property name="sun.java.command" value="C:\Users\krishna\AppData\Local\Temp\surefire4981724592022389430\surefirebooter5544292452907788183.jar C:\Users\krishna\AppData\Local\Temp\surefire4981724592022389430 2021-01-05T02-50-09_777-jvmRun1 surefire21478186655036652tmp surefire_05801296605147641158tmp"/>
    <property name="surefire.test.class.path" value="C:\Users\krishna\Desktop\redbusE2E\target\test-classes;C:\Users\krishna\Desktop\redbusE2E\target\classes;C:\Users\krishna\.m2\repository\junit\junit\3.8.1\junit-3.8.1.jar;C:\Users\krishna\.m2\repository\org\seleniumhq\selenium\selenium-java\3.141.59\selenium-java-3.141.59.jar;C:\Users\krishna\.m2\repository\org\seleniumhq\selenium\selenium-api\3.141.59\selenium-api-3.141.59.jar;C:\Users\krishna\.m2\repository\org\seleniumhq\selenium\selenium-chrome-driver\3.141.59\selenium-chrome-driver-3.141.59.jar;C:\Users\krishna\.m2\repository\org\seleniumhq\selenium\selenium-edge-driver\3.141.59\selenium-edge-driver-3.141.59.jar;C:\Users\krishna\.m2\repository\org\seleniumhq\selenium\selenium-firefox-driver\3.141.59\selenium-firefox-driver-3.141.59.jar;C:\Users\krishna\.m2\repository\org\seleniumhq\selenium\selenium-ie-driver\3.141.59\selenium-ie-driver-3.141.59.jar;C:\Users\krishna\.m2\repository\org\seleniumhq\selenium\selenium-opera-driver\3.141.59\selenium-opera-driver-3.141.59.jar;C:\Users\krishna\.m2\repository\org\seleniumhq\selenium\selenium-remote-driver\3.141.59\selenium-remote-driver-3.141.59.jar;C:\Users\krishna\.m2\repository\org\seleniumhq\selenium\selenium-safari-driver\3.141.59\selenium-safari-driver-3.141.59.jar;C:\Users\krishna\.m2\repository\org\seleniumhq\selenium\selenium-support\3.141.59\selenium-support-3.141.59.jar;C:\Users\krishna\.m2\repository\net\bytebuddy\byte-buddy\1.8.15\byte-buddy-1.8.15.jar;C:\Users\krishna\.m2\repository\org\apache\commons\commons-exec\1.3\commons-exec-1.3.jar;C:\Users\krishna\.m2\repository\com\google\guava\guava\25.0-jre\guava-25.0-jre.jar;C:\Users\krishna\.m2\repository\com\google\code\findbugs\jsr305\1.3.9\jsr305-1.3.9.jar;C:\Users\krishna\.m2\repository\org\checkerframework\checker-compat-qual\2.0.0\checker-compat-qual-2.0.0.jar;C:\Users\krishna\.m2\repository\com\google\errorprone\error_prone_annotations\2.1.3\error_prone_annotations-2.1.3.jar;C:\Users\krishna\.m2\repository\com\google\j2objc\j2objc-annotations\1.1\j2objc-annotations-1.1.jar;C:\Users\krishna\.m2\repository\org\codehaus\mojo\animal-sniffer-annotations\1.14\animal-sniffer-annotations-1.14.jar;C:\Users\krishna\.m2\repository\com\squareup\okhttp3\okhttp\3.11.0\okhttp-3.11.0.jar;C:\Users\krishna\.m2\repository\com\squareup\okio\okio\1.14.0\okio-1.14.0.jar;C:\Users\krishna\.m2\repository\org\testng\testng\7.3.0\testng-7.3.0.jar;C:\Users\krishna\.m2\repository\com\beust\jcommander\1.78\jcommander-1.78.jar;C:\Users\krishna\.m2\repository\org\apache\ant\ant\1.10.3\ant-1.10.3.jar;C:\Users\krishna\.m2\repository\org\apache\ant\ant-launcher\1.10.3\ant-launcher-1.10.3.jar;C:\Users\krishna\.m2\repository\com\google\inject\guice\4.2.2\guice-4.2.2-no_aop.jar;C:\Users\krishna\.m2\repository\javax\inject\javax.inject\1\javax.inject-1.jar;C:\Users\krishna\.m2\repository\aopalliance\aopalliance\1.0\aopalliance-1.0.jar;C:\Users\krishna\.m2\repository\org\yaml\snakeyaml\1.21\snakeyaml-1.21.jar;C:\Users\krishna\.m2\repository\com\aventstack\extentreports\5.0.5\extentreports-5.0.5.jar;C:\Users\krishna\.m2\repository\io\reactivex\rxjava3\rxjava\3.0.4\rxjava-3.0.4.jar;C:\Users\krishna\.m2\repository\org\reactivestreams\reactive-streams\1.0.3\reactive-streams-1.0.3.jar;C:\Users\krishna\.m2\repository\org\freemarker\freemarker\2.3.30\freemarker-2.3.30.jar;C:\Users\krishna\.m2\repository\org\projectlombok\lombok\1.18.12\lombok-1.18.12.jar;C:\Users\krishna\.m2\repository\com\google\code\gson\gson\2.8.6\gson-2.8.6.jar;C:\Users\krishna\.m2\repository\commons-io\commons-io\2.6\commons-io-2.6.jar;C:\Users\krishna\.m2\repository\org\apache\poi\poi-ooxml\4.1.2\poi-ooxml-4.1.2.jar;C:\Users\krishna\.m2\repository\org\apache\poi\poi-ooxml-schemas\4.1.2\poi-ooxml-schemas-4.1.2.jar;C:\Users\krishna\.m2\repository\org\apache\xmlbeans\xmlbeans\3.1.0\xmlbeans-3.1.0.jar;C:\Users\krishna\.m2\repository\org\apache\commons\commons-compress\1.19\commons-compress-1.19.jar;C:\Users\krishna\.m2\repository\com\github\virtuald\curvesapi\1.06\curvesapi-1.06.jar;C:\Users\krishna\.m2\repository\org\apache\poi\poi\4.1.2\poi-4.1.2.jar;C:\Users\krishna\.m2\repository\commons-codec\commons-codec\1.13\commons-codec-1.13.jar;C:\Users\krishna\.m2\repository\org\apache\commons\commons-collections4\4.4\commons-collections4-4.4.jar;C:\Users\krishna\.m2\repository\org\apache\commons\commons-math3\3.6.1\commons-math3-3.6.1.jar;C:\Users\krishna\.m2\repository\com\zaxxer\SparseBitSet\1.2\SparseBitSet-1.2.jar;C:\Users\krishna\.m2\repository\org\apache\logging\log4j\log4j-api\2.14.0\log4j-api-2.14.0.jar;C:\Users\krishna\.m2\repository\org\apache\logging\log4j\log4j-core\2.14.0\log4j-core-2.14.0.jar;"/>
    <property name="sun.cpu.endian" value="little"/>
    <property name="user.home" value="C:\Users\krishna"/>
    <property name="user.language" value="en"/>
    <property name="java.specification.vendor" value="Oracle Corporation"/>
    <property name="java.home" value="C:\Program Files\Java\jdk1.8.0_271\jre"/>
    <property name="basedir" value="C:\Users\krishna\Desktop\redbusE2E"/>
    <property name="file.separator" value="\"/>
    <property name="line.separator" value="&#10;"/>
    <property name="java.vm.specification.vendor" value="Oracle Corporation"/>
    <property name="java.specification.name" value="Java Platform API Specification"/>
    <property name="java.awt.graphicsenv" value="sun.awt.Win32GraphicsEnvironment"/>
    <property name="surefire.real.class.path" value="C:\Users\krishna\AppData\Local\Temp\surefire4981724592022389430\surefirebooter5544292452907788183.jar"/>
    <property name="sun.boot.class.path" value="C:\Program Files\Java\jdk1.8.0_271\jre\lib\resources.jar;C:\Program Files\Java\jdk1.8.0_271\jre\lib\rt.jar;C:\Program Files\Java\jdk1.8.0_271\jre\lib\sunrsasign.jar;C:\Program Files\Java\jdk1.8.0_271\jre\lib\jsse.jar;C:\Program Files\Java\jdk1.8.0_271\jre\lib\jce.jar;C:\Program Files\Java\jdk1.8.0_271\jre\lib\charsets.jar;C:\Program Files\Java\jdk1.8.0_271\jre\lib\jfr.jar;C:\Program Files\Java\jdk1.8.0_271\jre\classes"/>
    <property name="user.script" value=""/>
    <property name="sun.management.compiler" value="HotSpot Client Compiler"/>
    <property name="java.runtime.version" value="1.8.0_271-b09"/>
    <property name="user.name" value="krishna"/>
    <property name="path.separator" value=";"/>
    <property name="os.version" value="10.0"/>
    <property name="java.endorsed.dirs" value="C:\Program Files\Java\jdk1.8.0_271\jre\lib\endorsed"/>
    <property name="java.runtime.name" value="Java(TM) SE Runtime Environment"/>
    <property name="file.encoding" value="Cp1252"/>
    <property name="browser" value="chrome"/>
    <property name="java.vm.name" value="Java HotSpot(TM) Client VM"/>
    <property name="localRepository" value="C:\Users\krishna\.m2\repository"/>
    <property name="java.vendor.url.bug" value="http://bugreport.sun.com/bugreport/"/>
    <property name="java.io.tmpdir" value="C:\Users\krishna\AppData\Local\Temp\"/>
    <property name="java.version" value="1.8.0_271"/>
    <property name="user.dir" value="C:\Users\krishna\Desktop\redbusE2E"/>
    <property name="os.arch" value="x86"/>
    <property name="java.vm.specification.name" value="Java Virtual Machine Specification"/>
    <property name="java.awt.printerjob" value="sun.awt.windows.WPrinterJob"/>
    <property name="sun.os.patch.level" value=""/>
    <property name="java.library.path" value="C:\Program Files\Java\jdk1.8.0_271\jre\bin;C:\WINDOWS\Sun\Java\bin;C:\WINDOWS\system32;C:\WINDOWS;C:\oraclexe\app\oracle\product\11.2.0\server\bin;C:\Program Files\Common Files\Oracle\Java\javapath;C:\WINDOWS\system32;C:\WINDOWS;C:\WINDOWS\System32\Wbem;C:\WINDOWS\System32\WindowsPowerShell\v1.0\;C:\WINDOWS\System32\OpenSSH\;C:\Users\krishna\Downloads\apache-maven-3.6.3-bin\apache-maven-3.6.3;C:\Users\krishna\Downloads\apache-maven-3.6.3-bin\apache-maven-3.6.3\bin;C:\Program Files\Git\cmd;C:\Users\krishna\AppData\Local\Microsoft\WindowsApps;;."/>
    <property name="java.vm.info" value="mixed mode, sharing"/>
    <property name="java.vendor" value="Oracle Corporation"/>
    <property name="java.vm.version" value="25.271-b09"/>
    <property name="java.ext.dirs" value="C:\Program Files\Java\jdk1.8.0_271\jre\lib\ext;C:\WINDOWS\Sun\Java\lib\ext"/>
    <property name="sun.io.unicode.encoding" value="UnicodeLittle"/>
    <property name="java.class.version" value="52.0"/>
  </properties>
  <testcase name="open" classname="redbus.frontpage" time="54.257">
    <system-out><![CDATA[2021-01-05 02:50:15,066 main ERROR Unrecognized format specifier [t]
2021-01-05 02:50:15,066 main ERROR Unrecognized conversion specifier [t] starting at position 34 in conversion pattern.
2021-01-05 02:50:15,066 main ERROR Unrecognized format specifier [level]
2021-01-05 02:50:15,066 main ERROR Unrecognized conversion specifier [level] starting at position 44 in conversion pattern.
2021-01-05 02:50:15,066 main ERROR Unrecognized format specifier [logger]
2021-01-05 02:50:15,066 main ERROR Unrecognized conversion specifier [logger] starting at position 56 in conversion pattern.
2021-01-05 02:50:15,066 main ERROR Unrecognized format specifier [msg]
2021-01-05 02:50:15,066 main ERROR Unrecognized conversion specifier [msg] starting at position 63 in conversion pattern.
2021-01-05 02:50:15,066 main ERROR Unrecognized format specifier [n]
2021-01-05 02:50:15,066 main ERROR Unrecognized conversion specifier [n] starting at position 65 in conversion pattern.
chrome
2021-01-05 02:50:36,084 main ERROR Unable to rename file C:\Users\krishna\Desktop\redbusE2E\.\logs\prints.log to C:\Users\krishna\Desktop\redbusE2E\.\logs\prints-02:50:36.006 [%t] %-5level %logger - %msg%n: java.nio.file.InvalidPathException Illegal char <:> at index 51: C:\Users\krishna\Desktop\redbusE2E\.\logs\prints-02:50:36.006 [%t] %-5level %logger - %msg%n
]]></system-out>
    <system-err><![CDATA[Starting ChromeDriver 86.0.4240.22 (398b0743353ff36fb1b82468f63a3a93b4e2e89e-refs/branch-heads/4240@{#378}) on port 11070
Only local connections are allowed.
Please see https://chromedriver.chromium.org/security-considerations for suggestions on keeping ChromeDriver safe.
ChromeDriver was started successfully.
[1609843829.833][WARNING]: This version of ChromeDriver has not been tested with Chrome version 87.
Jan 05, 2021 2:50:32 AM org.openqa.selenium.remote.ProtocolHandshake createSession
INFO: Detected dialect: W3C
]]></system-err>
  </testcase>
  <testcase name="second" classname="redbus.frontpage" time="23.749">
    <system-out><![CDATA[2021-01-05 02:51:50,957 main ERROR Unable to rename file C:\Users\krishna\Desktop\redbusE2E\.\logs\prints.log to C:\Users\krishna\Desktop\redbusE2E\.\logs\prints-02:51:50.957 [%t] %-5level %logger - %msg%n: java.nio.file.InvalidPathException Illegal char <:> at index 51: C:\Users\krishna\Desktop\redbusE2E\.\logs\prints-02:51:50.957 [%t] %-5level %logger - %msg%n
2021-01-05 02:51:51,480 main ERROR Unable to rename file C:\Users\krishna\Desktop\redbusE2E\.\logs\prints.log to C:\Users\krishna\Desktop\redbusE2E\.\logs\prints-02:51:51.478 [%t] %-5level %logger - %msg%n: java.nio.file.InvalidPathException Illegal char <:> at index 51: C:\Users\krishna\Desktop\redbusE2E\.\logs\prints-02:51:51.478 [%t] %-5level %logger - %msg%n
2021-01-05 02:51:51,958 main ERROR Unable to rename file C:\Users\krishna\Desktop\redbusE2E\.\logs\prints.log to C:\Users\krishna\Desktop\redbusE2E\.\logs\prints-02:51:51.958 [%t] %-5level %logger - %msg%n: java.nio.file.InvalidPathException Illegal char <:> at index 51: C:\Users\krishna\Desktop\redbusE2E\.\logs\prints-02:51:51.958 [%t] %-5level %logger - %msg%n
2021-01-05 02:51:52,380 main ERROR Unable to rename file C:\Users\krishna\Desktop\redbusE2E\.\logs\prints.log to C:\Users\krishna\Desktop\redbusE2E\.\logs\prints-02:51:52.380 [%t] %-5level %logger - %msg%n: java.nio.file.InvalidPathException Illegal char <:> at index 51: C:\Users\krishna\Desktop\redbusE2E\.\logs\prints-02:51:52.380 [%t] %-5level %logger - %msg%n
2021-01-05 02:51:52,802 main ERROR Unable to rename file C:\Users\krishna\Desktop\redbusE2E\.\logs\prints.log to C:\Users\krishna\Desktop\redbusE2E\.\logs\prints-02:51:52.802 [%t] %-5level %logger - %msg%n: java.nio.file.InvalidPathException Illegal char <:> at index 51: C:\Users\krishna\Desktop\redbusE2E\.\logs\prints-02:51:52.802 [%t] %-5level %logger - %msg%n
]]></system-out>
  </testcase>
</testsuite>