<?xml version="1.0" encoding="UTF-8"?>
<!-- Generated by org.testng.reporters.JUnitReportReporter -->
<testsuite skipped="0" hostname="DESKTOP-6TCML79" name="redbus.frontpage" tests="1" failures="0" timestamp="27 Dec 2020 15:09:50 GMT" time="38.109" errors="0">
  <testcase name="open" time="38.109" classname="redbus.frontpage"/>
</testsuite> <!-- redbus.frontpage -->
