<?xml version="1.0" encoding="UTF-8"?>
<!-- Generated by org.testng.reporters.JUnitReportReporter -->
<testsuite skipped="0" hostname="DESKTOP-6TCML79" name="redbus.frontpage" tests="2" failures="0" timestamp="2021-01-05T02:51:56 PST" time="78.158" errors="0">
  <testcase name="open" time="54.459" classname="redbus.frontpage"/>
  <system-out/>
  <testcase name="second" time="23.699" classname="redbus.frontpage"/>
  <system-out/>
</testsuite> <!-- redbus.frontpage -->
